# JRE version: Java(TM) SE Runtime Environment (8.0_181-b13) (build 1.8.0_181-b13)
# Java VM: Java HotSpot(TM) 64-Bit Server VM (25.181-b13 mixed mode windows-amd64 compressed oops)
Heap:
 PSYoungGen      total 128512K, used 50726K [0x000000076b780000, 0x0000000774000000, 0x00000007c0000000)
  eden space 118272K, 42% used [0x000000076b780000,0x000000076e9098c0,0x0000000772b00000)
  from space 10240K, 0% used [0x0000000772c00000,0x0000000772c00000,0x0000000773600000)
  to   space 8704K, 0% used [0x0000000773780000,0x0000000773780000,0x0000000774000000)
 ParOldGen       total 106496K, used 13543K [0x00000006c2600000, 0x00000006c8e00000, 0x000000076b780000)
  object space 106496K, 12% used [0x00000006c2600000,0x00000006c3339e88,0x00000006c8e00000)
 Metaspace       used 38025K, capacity 41088K, committed 41344K, reserved 1085440K
  class space    used 5118K, capacity 5647K, committed 5760K, reserved 1048576K
GC Heap History (10 events):
Event: 1.556 GC heap before
{Heap before GC invocations=5 (full 1):
 PSYoungGen      total 75776K, used 65024K [0x000000076b780000, 0x0000000770c00000, 0x00000007c0000000)
  eden space 65024K, 100% used [0x000000076b780000,0x000000076f700000,0x000000076f700000)
  from space 10752K, 0% used [0x000000076f700000,0x000000076f700000,0x0000000770180000)
  to   space 10752K, 0% used [0x0000000770180000,0x0000000770180000,0x0000000770c00000)
 ParOldGen       total 76288K, used 4873K [0x00000006c2600000, 0x00000006c7080000, 0x000000076b780000)
  object space 76288K, 6% used [0x00000006c2600000,0x00000006c2ac24a0,0x00000006c7080000)
 Metaspace       used 24405K, capacity 26222K, committed 26368K, reserved 1073152K
  class space    used 3214K, capacity 3555K, committed 3584K, reserved 1048576K
Event: 1.559 GC heap after
Heap after GC invocations=5 (full 1):
 PSYoungGen      total 75776K, used 7567K [0x000000076b780000, 0x0000000774480000, 0x00000007c0000000)
  eden space 65024K, 0% used [0x000000076b780000,0x000000076b780000,0x000000076f700000)
  from space 10752K, 70% used [0x0000000770180000,0x00000007708e3c18,0x0000000770c00000)
  to   space 10752K, 0% used [0x000000076f700000,0x000000076f700000,0x0000000770180000)
 ParOldGen       total 76288K, used 4881K [0x00000006c2600000, 0x00000006c7080000, 0x000000076b780000)
  object space 76288K, 6% used [0x00000006c2600000,0x00000006c2ac44a0,0x00000006c7080000)
 Metaspace       used 24405K, capacity 26222K, committed 26368K, reserved 1073152K
  class space    used 3214K, capacity 3555K, committed 3584K, reserved 1048576K
}
Event: 1.930 GC heap before
{Heap before GC invocations=6 (full 1):
 PSYoungGen      total 75776K, used 72591K [0x000000076b780000, 0x0000000774480000, 0x00000007c0000000)
  eden space 65024K, 100% used [0x000000076b780000,0x000000076f700000,0x000000076f700000)
  from space 10752K, 70% used [0x0000000770180000,0x00000007708e3c18,0x0000000770c00000)
  to   space 10752K, 0% used [0x000000076f700000,0x000000076f700000,0x0000000770180000)
 ParOldGen       total 76288K, used 4881K [0x00000006c2600000, 0x00000006c7080000, 0x000000076b780000)
  object space 76288K, 6% used [0x00000006c2600000,0x00000006c2ac44a0,0x00000006c7080000)
 Metaspace       used 27713K, capacity 29770K, committed 29952K, reserved 1075200K
  class space    used 3669K, capacity 4053K, committed 4096K, reserved 1048576K
Event: 1.933 GC heap after
Heap after GC invocations=6 (full 1):
 PSYoungGen      total 75776K, used 7058K [0x000000076b780000, 0x0000000774180000, 0x00000007c0000000)
  eden space 65024K, 0% used [0x000000076b780000,0x000000076b780000,0x000000076f700000)
  from space 10752K, 65% used [0x000000076f700000,0x000000076fde4840,0x0000000770180000)
  to   space 10240K, 0% used [0x0000000773780000,0x0000000773780000,0x0000000774180000)
 ParOldGen       total 76288K, used 4889K [0x00000006c2600000, 0x00000006c7080000, 0x000000076b780000)
  object space 76288K, 6% used [0x00000006c2600000,0x00000006c2ac64a0,0x00000006c7080000)
 Metaspace       used 27713K, capacity 29770K, committed 29952K, reserved 1075200K
  class space    used 3669K, capacity 4053K, committed 4096K, reserved 1048576K
}
Event: 2.287 GC heap before
{Heap before GC invocations=7 (full 1):
 PSYoungGen      total 75776K, used 72082K [0x000000076b780000, 0x0000000774180000, 0x00000007c0000000)
  eden space 65024K, 100% used [0x000000076b780000,0x000000076f700000,0x000000076f700000)
  from space 10752K, 65% used [0x000000076f700000,0x000000076fde4840,0x0000000770180000)
  to   space 10240K, 0% used [0x0000000773780000,0x0000000773780000,0x0000000774180000)
 ParOldGen       total 76288K, used 4889K [0x00000006c2600000, 0x00000006c7080000, 0x000000076b780000)
  object space 76288K, 6% used [0x00000006c2600000,0x00000006c2ac64a0,0x00000006c7080000)
 Metaspace       used 30041K, capacity 32696K, committed 33024K, reserved 1077248K
  class space    used 4012K, capacity 4486K, committed 4608K, reserved 1048576K
Event: 2.292 GC heap after
Heap after GC invocations=7 (full 1):
 PSYoungGen      total 126976K, used 8596K [0x000000076b780000, 0x0000000774000000, 0x00000007c0000000)
  eden space 118272K, 0% used [0x000000076b780000,0x000000076b780000,0x0000000772b00000)
  from space 8704K, 98% used [0x0000000773780000,0x0000000773fe5398,0x0000000774000000)
  to   space 10240K, 0% used [0x0000000772c00000,0x0000000772c00000,0x0000000773600000)
 ParOldGen       total 76288K, used 4897K [0x00000006c2600000, 0x00000006c7080000, 0x000000076b780000)
  object space 76288K, 6% used [0x00000006c2600000,0x00000006c2ac84a0,0x00000006c7080000)
 Metaspace       used 30041K, capacity 32696K, committed 33024K, reserved 1077248K
  class space    used 4012K, capacity 4486K, committed 4608K, reserved 1048576K
}
Event: 2.700 GC heap before
{Heap before GC invocations=8 (full 1):
 PSYoungGen      total 126976K, used 103230K [0x000000076b780000, 0x0000000774000000, 0x00000007c0000000)
  eden space 118272K, 80% used [0x000000076b780000,0x00000007713ea610,0x0000000772b00000)
  from space 8704K, 98% used [0x0000000773780000,0x0000000773fe5398,0x0000000774000000)
  to   space 10240K, 0% used [0x0000000772c00000,0x0000000772c00000,0x0000000773600000)
 ParOldGen       total 76288K, used 4897K [0x00000006c2600000, 0x00000006c7080000, 0x000000076b780000)
  object space 76288K, 6% used [0x00000006c2600000,0x00000006c2ac84a0,0x00000006c7080000)
 Metaspace       used 32447K, capacity 35388K, committed 35496K, reserved 1079296K
  class space    used 4348K, capacity 4856K, committed 4864K, reserved 1048576K
Event: 2.706 GC heap after
Heap after GC invocations=8 (full 1):
 PSYoungGen      total 128512K, used 9597K [0x000000076b780000, 0x0000000774000000, 0x00000007c0000000)
  eden space 118272K, 0% used [0x000000076b780000,0x000000076b780000,0x0000000772b00000)
  from space 10240K, 93% used [0x0000000772c00000,0x000000077355f448,0x0000000773600000)
  to   space 8704K, 0% used [0x0000000773780000,0x0000000773780000,0x0000000774000000)
 ParOldGen       total 76288K, used 4905K [0x00000006c2600000, 0x00000006c7080000, 0x000000076b780000)
  object space 76288K, 6% used [0x00000006c2600000,0x00000006c2aca4a0,0x00000006c7080000)
 Metaspace       used 32447K, capacity 35388K, committed 35496K, reserved 1079296K
  class space    used 4348K, capacity 4856K, committed 4864K, reserved 1048576K
}
Event: 2.706 GC heap before
{Heap before GC invocations=9 (full 2):
 PSYoungGen      total 128512K, used 9597K [0x000000076b780000, 0x0000000774000000, 0x00000007c0000000)
  eden space 118272K, 0% used [0x000000076b780000,0x000000076b780000,0x0000000772b00000)
  from space 10240K, 93% used [0x0000000772c00000,0x000000077355f448,0x0000000773600000)
  to   space 8704K, 0% used [0x0000000773780000,0x0000000773780000,0x0000000774000000)
 ParOldGen       total 76288K, used 4905K [0x00000006c2600000, 0x00000006c7080000, 0x000000076b780000)
  object space 76288K, 6% used [0x00000006c2600000,0x00000006c2aca4a0,0x00000006c7080000)
 Metaspace       used 32447K, capacity 35388K, committed 35496K, reserved 1079296K
  class space    used 4348K, capacity 4856K, committed 4864K, reserved 1048576K
Event: 2.766 GC heap after
Heap after GC invocations=9 (full 2):
 PSYoungGen      total 128512K, used 0K [0x000000076b780000, 0x0000000774000000, 0x00000007c0000000)
  eden space 118272K, 0% used [0x000000076b780000,0x000000076b780000,0x0000000772b00000)
  from space 10240K, 0% used [0x0000000772c00000,0x0000000772c00000,0x0000000773600000)
  to   space 8704K, 0% used [0x0000000773780000,0x0000000773780000,0x0000000774000000)
 ParOldGen       total 106496K, used 13543K [0x00000006c2600000, 0x00000006c8e00000, 0x000000076b780000)
  object space 106496K, 12% used [0x00000006c2600000,0x00000006c3339e88,0x00000006c8e00000)
 Metaspace       used 32447K, capacity 35388K, committed 35496K, reserved 1079296K
  class space    used 4348K, capacity 4856K, committed 4864K, reserved 1048576K
}

