# JRE version: Java(TM) SE Runtime Environment (8.0_181-b13) (build 1.8.0_181-b13)
# Java VM: Java HotSpot(TM) 64-Bit Server VM (25.181-b13 mixed mode windows-amd64 compressed oops)
Heap:
 PSYoungGen      total 126976K, used 30356K [0x000000076b780000, 0x0000000774880000, 0x00000007c0000000)
  eden space 119296K, 25% used [0x000000076b780000,0x000000076d525318,0x0000000772c00000)
  from space 7680K, 0% used [0x0000000774100000,0x0000000774100000,0x0000000774880000)
  to   space 10752K, 0% used [0x0000000773380000,0x0000000773380000,0x0000000773e00000)
 ParOldGen       total 126464K, used 16890K [0x00000006c2600000, 0x00000006ca180000, 0x000000076b780000)
  object space 126464K, 13% used [0x00000006c2600000,0x00000006c367ea60,0x00000006ca180000)
 Metaspace       used 34360K, capacity 37364K, committed 37504K, reserved 1081344K
  class space    used 4691K, capacity 5231K, committed 5248K, reserved 1048576K
GC Heap History (10 events):
Event: 1.301 GC heap before
{Heap before GC invocations=4 (full 1):
 PSYoungGen      total 75776K, used 5321K [0x000000076b780000, 0x0000000774b80000, 0x00000007c0000000)
  eden space 65024K, 0% used [0x000000076b780000,0x000000076b780000,0x000000076f700000)
  from space 10752K, 49% used [0x000000076f700000,0x000000076fc32510,0x0000000770180000)
  to   space 10752K, 0% used [0x0000000774100000,0x0000000774100000,0x0000000774b80000)
 ParOldGen       total 173568K, used 46K [0x00000006c2600000, 0x00000006ccf80000, 0x000000076b780000)
  object space 173568K, 0% used [0x00000006c2600000,0x00000006c260b820,0x00000006ccf80000)
 Metaspace       used 19587K, capacity 21168K, committed 21296K, reserved 1067008K
  class space    used 2560K, capacity 2854K, committed 2944K, reserved 1048576K
Event: 1.323 GC heap after
Heap after GC invocations=4 (full 1):
 PSYoungGen      total 75776K, used 0K [0x000000076b780000, 0x0000000774b80000, 0x00000007c0000000)
  eden space 65024K, 0% used [0x000000076b780000,0x000000076b780000,0x000000076f700000)
  from space 10752K, 0% used [0x000000076f700000,0x000000076f700000,0x0000000770180000)
  to   space 10752K, 0% used [0x0000000774100000,0x0000000774100000,0x0000000774b80000)
 ParOldGen       total 79872K, used 5104K [0x00000006c2600000, 0x00000006c7400000, 0x000000076b780000)
  object space 79872K, 6% used [0x00000006c2600000,0x00000006c2afc398,0x00000006c7400000)
 Metaspace       used 19587K, capacity 21168K, committed 21296K, reserved 1067008K
  class space    used 2560K, capacity 2854K, committed 2944K, reserved 1048576K
}
Event: 1.623 GC heap before
{Heap before GC invocations=5 (full 1):
 PSYoungGen      total 75776K, used 65024K [0x000000076b780000, 0x0000000774b80000, 0x00000007c0000000)
  eden space 65024K, 100% used [0x000000076b780000,0x000000076f700000,0x000000076f700000)
  from space 10752K, 0% used [0x000000076f700000,0x000000076f700000,0x0000000770180000)
  to   space 10752K, 0% used [0x0000000774100000,0x0000000774100000,0x0000000774b80000)
 ParOldGen       total 79872K, used 5114K [0x00000006c2600000, 0x00000006c7400000, 0x000000076b780000)
  object space 79872K, 6% used [0x00000006c2600000,0x00000006c2afeac0,0x00000006c7400000)
 Metaspace       used 24449K, capacity 26240K, committed 26368K, reserved 1073152K
  class space    used 3228K, capacity 3566K, committed 3584K, reserved 1048576K
Event: 1.629 GC heap after
Heap after GC invocations=5 (full 1):
 PSYoungGen      total 126976K, used 7494K [0x000000076b780000, 0x0000000774880000, 0x00000007c0000000)
  eden space 119296K, 0% used [0x000000076b780000,0x000000076b780000,0x0000000772c00000)
  from space 7680K, 97% used [0x0000000774100000,0x0000000774851988,0x0000000774880000)
  to   space 10752K, 0% used [0x0000000773380000,0x0000000773380000,0x0000000773e00000)
 ParOldGen       total 79872K, used 5122K [0x00000006c2600000, 0x00000006c7400000, 0x000000076b780000)
  object space 79872K, 6% used [0x00000006c2600000,0x00000006c2b00ac0,0x00000006c7400000)
 Metaspace       used 24449K, capacity 26240K, committed 26368K, reserved 1073152K
  class space    used 3228K, capacity 3566K, committed 3584K, reserved 1048576K
}
Event: 2.348 GC heap before
{Heap before GC invocations=6 (full 1):
 PSYoungGen      total 126976K, used 126790K [0x000000076b780000, 0x0000000774880000, 0x00000007c0000000)
  eden space 119296K, 100% used [0x000000076b780000,0x0000000772c00000,0x0000000772c00000)
  from space 7680K, 97% used [0x0000000774100000,0x0000000774851988,0x0000000774880000)
  to   space 10752K, 0% used [0x0000000773380000,0x0000000773380000,0x0000000773e00000)
 ParOldGen       total 79872K, used 5122K [0x00000006c2600000, 0x00000006c7400000, 0x000000076b780000)
  object space 79872K, 6% used [0x00000006c2600000,0x00000006c2b00ac0,0x00000006c7400000)
 Metaspace       used 29725K, capacity 32288K, committed 32384K, reserved 1077248K
  class space    used 3975K, capacity 4418K, committed 4480K, reserved 1048576K
Event: 2.354 GC heap after
Heap after GC invocations=6 (full 1):
 PSYoungGen      total 130048K, used 10532K [0x000000076b780000, 0x0000000774880000, 0x00000007c0000000)
  eden space 119296K, 0% used [0x000000076b780000,0x000000076b780000,0x0000000772c00000)
  from space 10752K, 97% used [0x0000000773380000,0x0000000773dc93d8,0x0000000773e00000)
  to   space 7680K, 0% used [0x0000000774100000,0x0000000774100000,0x0000000774880000)
 ParOldGen       total 79872K, used 5130K [0x00000006c2600000, 0x00000006c7400000, 0x000000076b780000)
  object space 79872K, 6% used [0x00000006c2600000,0x00000006c2b02ac0,0x00000006c7400000)
 Metaspace       used 29725K, capacity 32288K, committed 32384K, reserved 1077248K
  class space    used 3975K, capacity 4418K, committed 4480K, reserved 1048576K
}
Event: 2.776 GC heap before
{Heap before GC invocations=7 (full 1):
 PSYoungGen      total 130048K, used 114191K [0x000000076b780000, 0x0000000774880000, 0x00000007c0000000)
  eden space 119296K, 86% used [0x000000076b780000,0x0000000771cbabd0,0x0000000772c00000)
  from space 10752K, 97% used [0x0000000773380000,0x0000000773dc93d8,0x0000000773e00000)
  to   space 7680K, 0% used [0x0000000774100000,0x0000000774100000,0x0000000774880000)
 ParOldGen       total 79872K, used 5130K [0x00000006c2600000, 0x00000006c7400000, 0x000000076b780000)
  object space 79872K, 6% used [0x00000006c2600000,0x00000006c2b02ac0,0x00000006c7400000)
 Metaspace       used 32417K, capacity 35370K, committed 35496K, reserved 1079296K
  class space    used 4347K, capacity 4853K, committed 4864K, reserved 1048576K
Event: 2.782 GC heap after
Heap after GC invocations=7 (full 1):
 PSYoungGen      total 126976K, used 7668K [0x000000076b780000, 0x0000000774880000, 0x00000007c0000000)
  eden space 119296K, 0% used [0x000000076b780000,0x000000076b780000,0x0000000772c00000)
  from space 7680K, 99% used [0x0000000774100000,0x000000077487d040,0x0000000774880000)
  to   space 10752K, 0% used [0x0000000773380000,0x0000000773380000,0x0000000773e00000)
 ParOldGen       total 79872K, used 10126K [0x00000006c2600000, 0x00000006c7400000, 0x000000076b780000)
  object space 79872K, 12% used [0x00000006c2600000,0x00000006c2fe3910,0x00000006c7400000)
 Metaspace       used 32417K, capacity 35370K, committed 35496K, reserved 1079296K
  class space    used 4347K, capacity 4853K, committed 4864K, reserved 1048576K
}
Event: 2.782 GC heap before
{Heap before GC invocations=8 (full 2):
 PSYoungGen      total 126976K, used 7668K [0x000000076b780000, 0x0000000774880000, 0x00000007c0000000)
  eden space 119296K, 0% used [0x000000076b780000,0x000000076b780000,0x0000000772c00000)
  from space 7680K, 99% used [0x0000000774100000,0x000000077487d040,0x0000000774880000)
  to   space 10752K, 0% used [0x0000000773380000,0x0000000773380000,0x0000000773e00000)
 ParOldGen       total 79872K, used 10126K [0x00000006c2600000, 0x00000006c7400000, 0x000000076b780000)
  object space 79872K, 12% used [0x00000006c2600000,0x00000006c2fe3910,0x00000006c7400000)
 Metaspace       used 32417K, capacity 35370K, committed 35496K, reserved 1079296K
  class space    used 4347K, capacity 4853K, committed 4864K, reserved 1048576K
Event: 2.872 GC heap after
Heap after GC invocations=8 (full 2):
 PSYoungGen      total 126976K, used 0K [0x000000076b780000, 0x0000000774880000, 0x00000007c0000000)
  eden space 119296K, 0% used [0x000000076b780000,0x000000076b780000,0x0000000772c00000)
  from space 7680K, 0% used [0x0000000774100000,0x0000000774100000,0x0000000774880000)
  to   space 10752K, 0% used [0x0000000773380000,0x0000000773380000,0x0000000773e00000)
 ParOldGen       total 126464K, used 16890K [0x00000006c2600000, 0x00000006ca180000, 0x000000076b780000)
  object space 126464K, 13% used [0x00000006c2600000,0x00000006c367ea60,0x00000006ca180000)
 Metaspace       used 32417K, capacity 35370K, committed 35496K, reserved 1079296K
  class space    used 4347K, capacity 4853K, committed 4864K, reserved 1048576K
}

