# JRE version: Java(TM) SE Runtime Environment (8.0_181-b13) (build 1.8.0_181-b13)
# Java VM: Java HotSpot(TM) 64-Bit Server VM (25.181-b13 mixed mode windows-amd64 compressed oops)
Heap:
 PSYoungGen      total 75776K, used 39995K [0x000000076b780000, 0x0000000772d80000, 0x00000007c0000000)
  eden space 65024K, 51% used [0x000000076b780000,0x000000076d7fce38,0x000000076f700000)
  from space 10752K, 62% used [0x000000076f700000,0x000000076fd91e58,0x0000000770180000)
  to   space 8704K, 0% used [0x0000000772500000,0x0000000772500000,0x0000000772d80000)
 ParOldGen       total 94208K, used 6485K [0x00000006c2600000, 0x00000006c8200000, 0x000000076b780000)
  object space 94208K, 6% used [0x00000006c2600000,0x00000006c2c55480,0x00000006c8200000)
 Metaspace       used 28776K, capacity 30890K, committed 31104K, reserved 1077248K
  class space    used 3777K, capacity 4169K, committed 4224K, reserved 1048576K
GC Heap History (10 events):
Event: 1.420 GC heap before
{Heap before GC invocations=2 (full 0):
 PSYoungGen      total 75776K, used 72261K [0x000000076b780000, 0x0000000770c00000, 0x00000007c0000000)
  eden space 65024K, 100% used [0x000000076b780000,0x000000076f700000,0x000000076f700000)
  from space 10752K, 67% used [0x000000076f700000,0x000000076fe11660,0x0000000770180000)
  to   space 10752K, 0% used [0x0000000770180000,0x0000000770180000,0x0000000770c00000)
 ParOldGen       total 173568K, used 16K [0x00000006c2600000, 0x00000006ccf80000, 0x000000076b780000)
  object space 173568K, 0% used [0x00000006c2600000,0x00000006c2604000,0x00000006ccf80000)
 Metaspace       used 17591K, capacity 19138K, committed 19328K, reserved 1067008K
  class space    used 2320K, capacity 2599K, committed 2688K, reserved 1048576K
Event: 1.429 GC heap after
Heap after GC invocations=2 (full 0):
 PSYoungGen      total 75776K, used 8493K [0x000000076b780000, 0x0000000770c00000, 0x00000007c0000000)
  eden space 65024K, 0% used [0x000000076b780000,0x000000076b780000,0x000000076f700000)
  from space 10752K, 78% used [0x0000000770180000,0x00000007709cb570,0x0000000770c00000)
  to   space 10752K, 0% used [0x000000076f700000,0x000000076f700000,0x0000000770180000)
 ParOldGen       total 173568K, used 24K [0x00000006c2600000, 0x00000006ccf80000, 0x000000076b780000)
  object space 173568K, 0% used [0x00000006c2600000,0x00000006c2606000,0x00000006ccf80000)
 Metaspace       used 17591K, capacity 19138K, committed 19328K, reserved 1067008K
  class space    used 2320K, capacity 2599K, committed 2688K, reserved 1048576K
}
Event: 1.496 GC heap before
{Heap before GC invocations=3 (full 0):
 PSYoungGen      total 75776K, used 28713K [0x000000076b780000, 0x0000000770c00000, 0x00000007c0000000)
  eden space 65024K, 31% used [0x000000076b780000,0x000000076cb3eff8,0x000000076f700000)
  from space 10752K, 78% used [0x0000000770180000,0x00000007709cb570,0x0000000770c00000)
  to   space 10752K, 0% used [0x000000076f700000,0x000000076f700000,0x0000000770180000)
 ParOldGen       total 173568K, used 24K [0x00000006c2600000, 0x00000006ccf80000, 0x000000076b780000)
  object space 173568K, 0% used [0x00000006c2600000,0x00000006c2606000,0x00000006ccf80000)
 Metaspace       used 19601K, capacity 21200K, committed 21296K, reserved 1067008K
  class space    used 2540K, capacity 2854K, committed 2944K, reserved 1048576K
Event: 1.501 GC heap after
Heap after GC invocations=3 (full 0):
 PSYoungGen      total 75776K, used 6774K [0x000000076b780000, 0x0000000770c00000, 0x00000007c0000000)
  eden space 65024K, 0% used [0x000000076b780000,0x000000076b780000,0x000000076f700000)
  from space 10752K, 63% used [0x000000076f700000,0x000000076fd9d978,0x0000000770180000)
  to   space 10752K, 0% used [0x0000000770180000,0x0000000770180000,0x0000000770c00000)
 ParOldGen       total 173568K, used 32K [0x00000006c2600000, 0x00000006ccf80000, 0x000000076b780000)
  object space 173568K, 0% used [0x00000006c2600000,0x00000006c2608000,0x00000006ccf80000)
 Metaspace       used 19601K, capacity 21200K, committed 21296K, reserved 1067008K
  class space    used 2540K, capacity 2854K, committed 2944K, reserved 1048576K
}
Event: 1.501 GC heap before
{Heap before GC invocations=4 (full 1):
 PSYoungGen      total 75776K, used 6774K [0x000000076b780000, 0x0000000770c00000, 0x00000007c0000000)
  eden space 65024K, 0% used [0x000000076b780000,0x000000076b780000,0x000000076f700000)
  from space 10752K, 63% used [0x000000076f700000,0x000000076fd9d978,0x0000000770180000)
  to   space 10752K, 0% used [0x0000000770180000,0x0000000770180000,0x0000000770c00000)
 ParOldGen       total 173568K, used 32K [0x00000006c2600000, 0x00000006ccf80000, 0x000000076b780000)
  object space 173568K, 0% used [0x00000006c2600000,0x00000006c2608000,0x00000006ccf80000)
 Metaspace       used 19601K, capacity 21200K, committed 21296K, reserved 1067008K
  class space    used 2540K, capacity 2854K, committed 2944K, reserved 1048576K
Event: 1.520 GC heap after
Heap after GC invocations=4 (full 1):
 PSYoungGen      total 75776K, used 0K [0x000000076b780000, 0x0000000770c00000, 0x00000007c0000000)
  eden space 65024K, 0% used [0x000000076b780000,0x000000076b780000,0x000000076f700000)
  from space 10752K, 0% used [0x000000076f700000,0x000000076f700000,0x0000000770180000)
  to   space 10752K, 0% used [0x0000000770180000,0x0000000770180000,0x0000000770c00000)
 ParOldGen       total 94208K, used 6469K [0x00000006c2600000, 0x00000006c8200000, 0x000000076b780000)
  object space 94208K, 6% used [0x00000006c2600000,0x00000006c2c51480,0x00000006c8200000)
 Metaspace       used 19601K, capacity 21200K, committed 21296K, reserved 1067008K
  class space    used 2540K, capacity 2854K, committed 2944K, reserved 1048576K
}
Event: 1.767 GC heap before
{Heap before GC invocations=5 (full 1):
 PSYoungGen      total 75776K, used 65024K [0x000000076b780000, 0x0000000770c00000, 0x00000007c0000000)
  eden space 65024K, 100% used [0x000000076b780000,0x000000076f700000,0x000000076f700000)
  from space 10752K, 0% used [0x000000076f700000,0x000000076f700000,0x0000000770180000)
  to   space 10752K, 0% used [0x0000000770180000,0x0000000770180000,0x0000000770c00000)
 ParOldGen       total 94208K, used 6469K [0x00000006c2600000, 0x00000006c8200000, 0x000000076b780000)
  object space 94208K, 6% used [0x00000006c2600000,0x00000006c2c51480,0x00000006c8200000)
 Metaspace       used 24233K, capacity 26012K, committed 26112K, reserved 1071104K
  class space    used 3175K, capacity 3548K, committed 3584K, reserved 1048576K
Event: 1.771 GC heap after
Heap after GC invocations=5 (full 1):
 PSYoungGen      total 75776K, used 6817K [0x000000076b780000, 0x0000000773400000, 0x00000007c0000000)
  eden space 65024K, 0% used [0x000000076b780000,0x000000076b780000,0x000000076f700000)
  from space 10752K, 63% used [0x0000000770180000,0x0000000770828430,0x0000000770c00000)
  to   space 10752K, 0% used [0x000000076f700000,0x000000076f700000,0x0000000770180000)
 ParOldGen       total 94208K, used 6477K [0x00000006c2600000, 0x00000006c8200000, 0x000000076b780000)
  object space 94208K, 6% used [0x00000006c2600000,0x00000006c2c53480,0x00000006c8200000)
 Metaspace       used 24233K, capacity 26012K, committed 26112K, reserved 1071104K
  class space    used 3175K, capacity 3548K, committed 3584K, reserved 1048576K
}
Event: 2.150 GC heap before
{Heap before GC invocations=6 (full 1):
 PSYoungGen      total 75776K, used 71841K [0x000000076b780000, 0x0000000773400000, 0x00000007c0000000)
  eden space 65024K, 100% used [0x000000076b780000,0x000000076f700000,0x000000076f700000)
  from space 10752K, 63% used [0x0000000770180000,0x0000000770828430,0x0000000770c00000)
  to   space 10752K, 0% used [0x000000076f700000,0x000000076f700000,0x0000000770180000)
 ParOldGen       total 94208K, used 6477K [0x00000006c2600000, 0x00000006c8200000, 0x000000076b780000)
  object space 94208K, 6% used [0x00000006c2600000,0x00000006c2c53480,0x00000006c8200000)
 Metaspace       used 27559K, capacity 29572K, committed 29696K, reserved 1075200K
  class space    used 3608K, capacity 4000K, committed 4096K, reserved 1048576K
Event: 2.153 GC heap after
Heap after GC invocations=6 (full 1):
 PSYoungGen      total 75776K, used 6727K [0x000000076b780000, 0x0000000772d80000, 0x00000007c0000000)
  eden space 65024K, 0% used [0x000000076b780000,0x000000076b780000,0x000000076f700000)
  from space 10752K, 62% used [0x000000076f700000,0x000000076fd91e58,0x0000000770180000)
  to   space 8704K, 0% used [0x0000000772500000,0x0000000772500000,0x0000000772d80000)
 ParOldGen       total 94208K, used 6485K [0x00000006c2600000, 0x00000006c8200000, 0x000000076b780000)
  object space 94208K, 6% used [0x00000006c2600000,0x00000006c2c55480,0x00000006c8200000)
 Metaspace       used 27559K, capacity 29572K, committed 29696K, reserved 1075200K
  class space    used 3608K, capacity 4000K, committed 4096K, reserved 1048576K
}

